Build started 13.05.2016 19:43:45.
     1>Project "D:\Liza\Univer\Study\Programming\CG2\RayTraicing\RayTraicing\RayTraicing.vcxproj" on node 2 (Build target(s)).
     1>ClCompile:
         C:\Program Files (x86)\Microsoft Visual Studio 12.0\VC\bin\CL.exe /c /ZI /nologo /W3 /WX- /sdl /Od /Oy- /D WIN32 /D _DEBUG /D _CONSOLE /D _LIB /D _UNICODE /D UNICODE /Gm /EHsc /RTC1 /MDd /GS /fp:precise /Zc:wchar_t /Zc:forScope /Fo"Debug\\" /Fd"Debug\vc120.pdb" /Gd /TP /analyze- /errorReport:prompt main.cpp
         main.cpp
     1>d:\liza\univer\study\programming\cg2\raytraicing\raytraicing\vec3dimention.h(16): warning C4005: 'INFINITY' : macro redefinition
                 c:\program files (x86)\microsoft visual studio 12.0\vc\include\math.h(102) : see previous definition of 'INFINITY'
     1>d:\liza\univer\study\programming\cg2\raytraicing\raytraicing\main.cpp(51): warning C4305: 'initializing' : truncation from 'double' to 'float'
     1>d:\liza\univer\study\programming\cg2\raytraicing\raytraicing\main.cpp(62): warning C4305: 'argument' : truncation from 'double' to 'const float'
     1>d:\liza\univer\study\programming\cg2\raytraicing\raytraicing\main.cpp(72): warning C4305: 'initializing' : truncation from 'double' to 'float'
     1>d:\liza\univer\study\programming\cg2\raytraicing\raytraicing\main.cpp(151): warning C4244: 'initializing' : conversion from 'double' to 'float', possible loss of data
     1>d:\liza\univer\study\programming\cg2\raytraicing\raytraicing\main.cpp(193): warning C4305: 'argument' : truncation from 'double' to 'float'
     1>d:\liza\univer\study\programming\cg2\raytraicing\raytraicing\main.cpp(194): warning C4305: 'argument' : truncation from 'double' to 'float'
     1>d:\liza\univer\study\programming\cg2\raytraicing\raytraicing\main.cpp(202): warning C4101: 'a' : unreferenced local variable
       Link:
         C:\Program Files (x86)\Microsoft Visual Studio 12.0\VC\bin\link.exe /ERRORREPORT:PROMPT /OUT:"D:\Liza\Univer\Study\Programming\CG2\RayTraicing\Debug\RayTraicing.exe" /INCREMENTAL /NOLOGO kernel32.lib user32.lib gdi32.lib winspool.lib comdlg32.lib advapi32.lib shell32.lib ole32.lib oleaut32.lib uuid.lib odbc32.lib odbccp32.lib /MANIFEST /MANIFESTUAC:"level='asInvoker' uiAccess='false'" /manifest:embed /DEBUG /PDB:"D:\Liza\Univer\Study\Programming\CG2\RayTraicing\Debug\RayTraicing.pdb" /SUBSYSTEM:CONSOLE /TLBID:1 /DYNAMICBASE /NXCOMPAT /IMPLIB:"D:\Liza\Univer\Study\Programming\CG2\RayTraicing\Debug\RayTraicing.lib" /MACHINE:X86 Debug\figures.obj
         Debug\main.obj
         Debug\vec3dimention.obj
         RayTraicing.vcxproj -> D:\Liza\Univer\Study\Programming\CG2\RayTraicing\Debug\RayTraicing.exe
     1>Done Building Project "D:\Liza\Univer\Study\Programming\CG2\RayTraicing\RayTraicing\RayTraicing.vcxproj" (Build target(s)).

Build succeeded.

Time Elapsed 00:00:01.00
